c:\users\archi\desktop\somaiya drive\sem2\16711\assignment3\lander07\lander07\lander\obj\debugdll\vc141.pdb
c:\users\archi\desktop\somaiya drive\sem2\16711\assignment3\lander07\lander07\lander\obj\debugdll\vc141.idb
c:\users\archi\desktop\somaiya drive\sem2\16711\assignment3\lander07\lander07\lander\obj\debugdll\mrdplot.obj
c:\users\archi\desktop\somaiya drive\sem2\16711\assignment3\lander07\lander07\lander\obj\debugdll\animate.obj
c:\users\archi\desktop\somaiya drive\sem2\16711\assignment3\lander07\lander07\lander\obj\debugdll\parameters.obj
c:\users\archi\desktop\somaiya drive\sem2\16711\assignment3\lander07\lander07\lander\obj\debugdll\alien_d.obj
c:\users\archi\desktop\somaiya drive\sem2\16711\assignment3\lander07\lander07\lander\obj\debugdll\alien_lib.obj
c:\users\archi\desktop\somaiya drive\sem2\16711\assignment3\lander07\lander07\lander\obj\debugdll\alien_s.obj
c:\users\archi\desktop\somaiya drive\sem2\16711\assignment3\lander07\lander07\lander\obj\debugdll\animate-lander.obj
c:\users\archi\desktop\somaiya drive\sem2\16711\assignment3\lander07\lander07\lander\obj\debugdll\controller.obj
c:\users\archi\desktop\somaiya drive\sem2\16711\assignment3\lander07\lander07\lander\obj\debugdll\data.obj
c:\users\archi\desktop\somaiya drive\sem2\16711\assignment3\lander07\lander07\lander\obj\debugdll\dynamics.obj
c:\users\archi\desktop\somaiya drive\sem2\16711\assignment3\lander07\lander07\lander\obj\debugdll\lander_d.obj
c:\users\archi\desktop\somaiya drive\sem2\16711\assignment3\lander07\lander07\lander\obj\debugdll\lander_lib.obj
c:\users\archi\desktop\somaiya drive\sem2\16711\assignment3\lander07\lander07\lander\obj\debugdll\lander_s.obj
c:\users\archi\desktop\somaiya drive\sem2\16711\assignment3\lander07\lander07\lander\obj\debugdll\matrix3.obj
c:\users\archi\desktop\somaiya drive\sem2\16711\assignment3\lander07\lander07\lander\obj\debugdll\simulate.obj
c:\users\archi\desktop\somaiya drive\sem2\16711\assignment3\lander07\lander07\lander\obj\debugdll\animate.tlog\cl.command.1.tlog
c:\users\archi\desktop\somaiya drive\sem2\16711\assignment3\lander07\lander07\lander\obj\debugdll\animate.tlog\cl.read.1.tlog
c:\users\archi\desktop\somaiya drive\sem2\16711\assignment3\lander07\lander07\lander\obj\debugdll\animate.tlog\cl.write.1.tlog
c:\users\archi\desktop\somaiya drive\sem2\16711\assignment3\lander07\lander07\lander\obj\debugdll\animate.tlog\link.command.1.tlog
c:\users\archi\desktop\somaiya drive\sem2\16711\assignment3\lander07\lander07\lander\obj\debugdll\animate.tlog\link.read.1.tlog
c:\users\archi\desktop\somaiya drive\sem2\16711\assignment3\lander07\lander07\lander\obj\debugdll\animate.tlog\link.write.1.tlog
